<?xml version="1.0" encoding="UTF-8"?>
<!-- Generated by org.testng.reporters.JUnitXMLReporter -->
<testsuite ignored="1" hostname="LAPTOP-U93KTHPP" failures="0" tests="2" name="Chrome" time="39.047" errors="0" timestamp="2021-10-30T11:08:48 IST">
  <testcase classname="testClasses.VerifyHomaPage" name="verifyFriend" time="12.653"/>
  <testcase classname="testClasses.VerifyHomaPage" name="verifyMarket" time="5.514"/>
  <testcase classname="testClasses.VerifyHomaPage" name="verifyNotification" time="0.0">
    <ignored/>
  </testcase> <!-- verifyNotification -->
</testsuite> <!-- Chrome -->
