<?xml version="1.0" encoding="UTF-8"?>
<!-- Generated by org.testng.reporters.JUnitXMLReporter -->
<testsuite ignored="1" hostname="LAPTOP-U93KTHPP" failures="0" tests="2" name="Firefox" time="54.2" errors="0" timestamp="2021-10-30T11:09:43 IST">
  <testcase classname="testClasses.VerifyHomaPage" name="verifyFriend" time="2.989"/>
  <testcase classname="testClasses.VerifyHomaPage" name="verifyMarket" time="1.945"/>
  <testcase classname="testClasses.VerifyHomaPage" name="verifyNotification" time="0.0">
    <ignored/>
  </testcase> <!-- verifyNotification -->
</testsuite> <!-- Firefox -->
