<?xml version="1.0" encoding="UTF-8"?>
<testng-results ignored="2" total="6" passed="4" failed="0" skipped="0">
  <reporter-output>
  </reporter-output>
  <suite started-at="2021-10-30T11:08:09 IST" name="Suite" finished-at="2021-10-30T11:09:43 IST" duration-ms="93331">
    <groups>
    </groups>
    <test started-at="2021-10-30T11:08:09 IST" name="Chrome" finished-at="2021-10-30T11:08:48 IST" duration-ms="39047">
      <class name="testClasses.VerifyHomaPage">
        <test-method is-config="true" signature="launchBrowser(java.lang.String)[pri:0, instance:testClasses.VerifyHomaPage@1151e434]" started-at="2021-10-30T11:08:09 IST" name="launchBrowser" finished-at="2021-10-30T11:08:15 IST" duration-ms="5333" status="PASS">
          <params>
            <param index="0">
              <value>
                <![CDATA[Chrome]]>
              </value>
            </param>
          </params>
          <reporter-output>
          </reporter-output>
        </test-method> <!-- launchBrowser -->
        <test-method is-config="true" signature="createPOM()[pri:0, instance:testClasses.VerifyHomaPage@1151e434]" started-at="2021-10-30T11:08:15 IST" name="createPOM" finished-at="2021-10-30T11:08:15 IST" duration-ms="64" status="PASS">
          <reporter-output>
          </reporter-output>
        </test-method> <!-- createPOM -->
        <test-method is-config="true" signature="loginToApp()[pri:0, instance:testClasses.VerifyHomaPage@1151e434]" started-at="2021-10-30T11:08:15 IST" name="loginToApp" finished-at="2021-10-30T11:08:17 IST" duration-ms="2309" status="PASS">
          <reporter-output>
          </reporter-output>
        </test-method> <!-- loginToApp -->
        <test-method signature="verifyFriend()[pri:0, instance:testClasses.VerifyHomaPage@1151e434]" started-at="2021-10-30T11:08:17 IST" name="verifyFriend" finished-at="2021-10-30T11:08:30 IST" duration-ms="12653" status="PASS">
          <reporter-output>
          </reporter-output>
        </test-method> <!-- verifyFriend -->
        <test-method is-config="true" signature="logoutPage()[pri:0, instance:testClasses.VerifyHomaPage@1151e434]" started-at="2021-10-30T11:08:30 IST" name="logoutPage" finished-at="2021-10-30T11:08:32 IST" duration-ms="2837" status="PASS">
          <reporter-output>
          </reporter-output>
        </test-method> <!-- logoutPage -->
        <test-method is-config="true" signature="loginToApp()[pri:0, instance:testClasses.VerifyHomaPage@1151e434]" started-at="2021-10-30T11:08:33 IST" name="loginToApp" finished-at="2021-10-30T11:08:35 IST" duration-ms="2302" status="PASS">
          <reporter-output>
          </reporter-output>
        </test-method> <!-- loginToApp -->
        <test-method signature="verifyMarket()[pri:0, instance:testClasses.VerifyHomaPage@1151e434]" started-at="2021-10-30T11:08:35 IST" name="verifyMarket" finished-at="2021-10-30T11:08:40 IST" duration-ms="5514" status="PASS">
          <reporter-output>
          </reporter-output>
        </test-method> <!-- verifyMarket -->
        <test-method is-config="true" signature="logoutPage()[pri:0, instance:testClasses.VerifyHomaPage@1151e434]" started-at="2021-10-30T11:08:40 IST" name="logoutPage" finished-at="2021-10-30T11:08:44 IST" duration-ms="3707" status="PASS">
          <reporter-output>
          </reporter-output>
        </test-method> <!-- logoutPage -->
        <test-method is-config="true" signature="clearPomObject()[pri:0, instance:testClasses.VerifyHomaPage@1151e434]" started-at="2021-10-30T11:08:44 IST" name="clearPomObject" finished-at="2021-10-30T11:08:44 IST" duration-ms="0" status="PASS">
          <reporter-output>
          </reporter-output>
        </test-method> <!-- clearPomObject -->
        <test-method is-config="true" signature="closeTheBrowser()[pri:0, instance:testClasses.VerifyHomaPage@1151e434]" started-at="2021-10-30T11:08:44 IST" name="closeTheBrowser" finished-at="2021-10-30T11:08:48 IST" duration-ms="4254" status="PASS">
          <reporter-output>
          </reporter-output>
        </test-method> <!-- closeTheBrowser -->
      </class> <!-- testClasses.VerifyHomaPage -->
    </test> <!-- Chrome -->
    <test started-at="2021-10-30T11:08:48 IST" name="Firefox" finished-at="2021-10-30T11:09:43 IST" duration-ms="54200">
      <class name="testClasses.VerifyHomaPage">
        <test-method is-config="true" signature="launchBrowser(java.lang.String)[pri:0, instance:testClasses.VerifyHomaPage@71ba6d4e]" started-at="2021-10-30T11:08:48 IST" name="launchBrowser" finished-at="2021-10-30T11:09:03 IST" duration-ms="14540" status="PASS">
          <params>
            <param index="0">
              <value>
                <![CDATA[Firefox]]>
              </value>
            </param>
          </params>
          <reporter-output>
          </reporter-output>
        </test-method> <!-- launchBrowser -->
        <test-method is-config="true" signature="createPOM()[pri:0, instance:testClasses.VerifyHomaPage@71ba6d4e]" started-at="2021-10-30T11:09:03 IST" name="createPOM" finished-at="2021-10-30T11:09:03 IST" duration-ms="7" status="PASS">
          <reporter-output>
          </reporter-output>
        </test-method> <!-- createPOM -->
        <test-method is-config="true" signature="loginToApp()[pri:0, instance:testClasses.VerifyHomaPage@71ba6d4e]" started-at="2021-10-30T11:09:03 IST" name="loginToApp" finished-at="2021-10-30T11:09:11 IST" duration-ms="8240" status="PASS">
          <reporter-output>
          </reporter-output>
        </test-method> <!-- loginToApp -->
        <test-method signature="verifyFriend()[pri:0, instance:testClasses.VerifyHomaPage@71ba6d4e]" started-at="2021-10-30T11:09:11 IST" name="verifyFriend" finished-at="2021-10-30T11:09:14 IST" duration-ms="2989" status="PASS">
          <reporter-output>
          </reporter-output>
        </test-method> <!-- verifyFriend -->
        <test-method is-config="true" signature="logoutPage()[pri:0, instance:testClasses.VerifyHomaPage@71ba6d4e]" started-at="2021-10-30T11:09:14 IST" name="logoutPage" finished-at="2021-10-30T11:09:21 IST" duration-ms="6580" status="PASS">
          <reporter-output>
          </reporter-output>
        </test-method> <!-- logoutPage -->
        <test-method is-config="true" signature="loginToApp()[pri:0, instance:testClasses.VerifyHomaPage@71ba6d4e]" started-at="2021-10-30T11:09:21 IST" name="loginToApp" finished-at="2021-10-30T11:09:34 IST" duration-ms="13663" status="PASS">
          <reporter-output>
          </reporter-output>
        </test-method> <!-- loginToApp -->
        <test-method signature="verifyMarket()[pri:0, instance:testClasses.VerifyHomaPage@71ba6d4e]" started-at="2021-10-30T11:09:34 IST" name="verifyMarket" finished-at="2021-10-30T11:09:36 IST" duration-ms="1945" status="PASS">
          <reporter-output>
          </reporter-output>
        </test-method> <!-- verifyMarket -->
        <test-method is-config="true" signature="logoutPage()[pri:0, instance:testClasses.VerifyHomaPage@71ba6d4e]" started-at="2021-10-30T11:09:36 IST" name="logoutPage" finished-at="2021-10-30T11:09:38 IST" duration-ms="1449" status="PASS">
          <reporter-output>
          </reporter-output>
        </test-method> <!-- logoutPage -->
        <test-method is-config="true" signature="clearPomObject()[pri:0, instance:testClasses.VerifyHomaPage@71ba6d4e]" started-at="2021-10-30T11:09:38 IST" name="clearPomObject" finished-at="2021-10-30T11:09:38 IST" duration-ms="1" status="PASS">
          <reporter-output>
          </reporter-output>
        </test-method> <!-- clearPomObject -->
        <test-method is-config="true" signature="closeTheBrowser()[pri:0, instance:testClasses.VerifyHomaPage@71ba6d4e]" started-at="2021-10-30T11:09:38 IST" name="closeTheBrowser" finished-at="2021-10-30T11:09:43 IST" duration-ms="4778" status="PASS">
          <reporter-output>
          </reporter-output>
        </test-method> <!-- closeTheBrowser -->
      </class> <!-- testClasses.VerifyHomaPage -->
    </test> <!-- Firefox -->
  </suite> <!-- Suite -->
</testng-results>
